<?xml version="1.0" encoding="UTF-8"?>
<!-- Generated by org.testng.reporters.JUnitReportReporter -->
<testsuite skipped="0" hostname="Chaitu" name="Academy.HomePage" tests="2" failures="0" timestamp="27 Dec 2019 13:53:21 GMT" time="48.543" errors="0">
  <testcase name="basePageNavigation" time="38.363" classname="Academy.HomePage"/>
  <testcase name="basePageNavigation" time="10.180" classname="Academy.HomePage"/>
</testsuite> <!-- Academy.HomePage -->
