<?xml version="1.0" encoding="UTF-8"?>
<!-- Generated by org.testng.reporters.JUnitReportReporter -->
<testsuite skipped="0" hostname="Chaitu" name="Academy.ValidateNavigationBar" tests="1" failures="0" timestamp="27 Dec 2019 13:53:21 GMT" time="0.098" errors="0">
  <testcase name="validateText" time="0.098" classname="Academy.ValidateNavigationBar"/>
</testsuite> <!-- Academy.ValidateNavigationBar -->
